CSV_HEADER: frame,timestamp,avg_dx,avg_dy,smoothed_dx,smoothed_dy,pos_x,pos_y,mean_magnitude
[TRACE] Frame 0 | avg=(0.000513531,-0.00219026) | clippedAvg=(0.000513531,-0.00219026) | smooth=(0,0) | pos=(400,300) | maxFlowMag=3.38746 | contribPts=921600 | meanMag=0.0187205
CSV,0,2025-09-04 15:55:34,0.000513531,-0.00219026,0,0,400,300,0.0187205
CSV,1,2025-09-04 15:55:34,-0.178422,-0.0265959,-0.0766101,-0.018357,392.339,298.164,0.904201
CSV,2,2025-09-04 15:55:34,-0.014073,0.0262069,-0.0557644,-0.00350238,386.763,297.814,0.10267
CSV,3,2025-09-04 15:55:34,-0.000562458,0.0289152,-0.0419639,0.00460202,382.566,298.274,0.104164
CSV,4,2025-09-04 15:55:34,-0.00717263,0.0508458,-0.0350056,0.0138508,379.066,299.659,0.118108
CSV,5,2025-09-04 15:55:34,0.0156179,0.0614339,-0.0319848,0.0265756,375.867,302.317,0.132317
CSV,6,2025-09-04 15:55:34,0.0133383,0.0788259,0.00142962,0.0492455,376.01,307.241,0.150065
CSV,7,2025-09-04 15:55:35,-0.0425637,0.266597,-0.00426786,0.0973205,375.583,316.974,0.332181
CSV,8,2025-09-04 15:55:35,-0.144215,0.529828,-0.0328003,0.19611,372.303,336.585,0.633423
CSV,9,2025-09-04 15:55:35,-0.00552378,0.11309,-0.0324705,0.208559,369.056,357.44,0.208124
CSV,10,2025-09-04 15:55:35,-0.0075821,0.0115881,-0.0371105,0.19859,365.345,377.299,0.155107
CSV,11,2025-09-04 15:55:35,-0.123022,-0.383975,-0.0643826,0.106029,358.907,387.902,0.525601
CSV,12,2025-09-04 15:55:35,-0.0396463,-0.0796489,-0.0637997,0.0367833,352.527,391.581,0.289601
CSV,13,2025-09-04 15:55:35,0.0671035,0.164514,-0.0217341,-0.0348863,350.354,388.092,0.284134
CSV,14,2025-09-04 15:55:35,0.171211,0.16945,0.0136129,-0.0236142,351.715,385.731,0.353661
CSV,15,2025-09-04 15:55:36,0.300679,-0.391222,0.0752381,-0.104192,359.239,375.311,0.903903
CSV,16,2025-09-04 15:55:36,0.00590893,-0.615491,0.101024,-0.150495,369.341,360.262,0.69538
CSV,17,2025-09-04 15:55:36,0.0286164,-1.34333,0.114677,-0.403231,380.809,319.939,1.40225
CSV,18,2025-09-04 15:55:36,0.0117845,0.106216,0.103613,-0.414891,391.17,278.45,0.25882
CSV,19,2025-09-04 15:55:36,-0.0331885,-0.174272,0.062733,-0.483635,397.443,230.086,0.291317
CSV,20,2025-09-04 15:55:36,0.0500898,-0.911388,0.0126422,-0.587653,398.708,171.321,0.975607
CSV,21,2025-09-04 15:55:36,-0.0324537,0.667547,0.00496971,-0.331045,399.205,138.216,0.741486
CSV,22,2025-09-04 15:55:37,-0.0274548,-0.0111941,-0.00624143,-0.064618,398.58,131.755,0.222656
CSV,23,2025-09-04 15:55:37,-0.0124152,-0.0954521,-0.0110814,-0.104952,397.472,121.259,0.22058
CSV,24,2025-09-04 15:55:37,-0.0133186,-0.154763,-0.00710741,-0.10105,396.762,111.154,0.262601
CSV,25,2025-09-04 15:55:37,0.000901815,0.0237204,-0.016945,0.0859718,395.067,119.752,0.171459
CSV,26,2025-09-04 15:55:37,0.00845925,0.168732,-0.00876243,-0.0137912,394.191,118.372,0.255111
CSV,27,2025-09-04 15:55:37,0.0377759,-0.130545,0.00428062,-0.0376615,394.619,114.606,0.22949
CSV,28,2025-09-04 15:55:37,-0.0031026,0.0308943,0.00614315,-0.0123922,395.233,113.367,0.14436
CSV,29,2025-09-04 15:55:37,-0.0116983,0.0518141,0.00646722,0.0289232,395.88,116.259,0.150505
[TRACE] Frame 30 | avg=(-0.00769263,0.266404) | clippedAvg=(-0.00769263,0.266404) | smooth=(0.00474833,0.0774599) | pos=(396,124) | maxFlowMag=5.51354 | contribPts=921600 | meanMag=0.3325
CSV,30,2025-09-04 15:55:38,-0.00769263,0.266404,0.00474833,0.0774599,396.355,124.005,0.3325
CSV,31,2025-09-04 15:55:38,0.0634274,-0.215899,0.015742,0.000533682,397.929,124.059,0.333847
CSV,32,2025-09-04 15:55:38,-0.0411355,-0.0755527,-4.0324e-05,0.0115321,397.925,125.212,0.203793
CSV,33,2025-09-04 15:55:38,-0.0107782,-0.0369536,0,0,397.925,125.212,0.231766
CSV,34,2025-09-04 15:55:38,0.0719805,-0.488829,0.0151611,-0.110166,399.441,114.195,0.569807
CSV,35,2025-09-04 15:55:38,-0.064482,0.236517,0.00380318,-0.116144,399.821,102.581,0.351458
CSV,36,2025-09-04 15:55:38,-0.0289524,0.245111,-0.0146728,-0.0239415,398.354,100.187,0.3379
CSV,37,2025-09-04 15:55:39,-0.0226759,0.0895974,-0.0109808,0.00908857,397.256,101.096,0.213376
CSV,38,2025-09-04 15:55:39,-0.0060663,0.0630123,-0.0100392,0.0290818,396.252,104.004,0.18727
CSV,39,2025-09-04 15:55:39,-0.00867225,0.0495997,-0.0261698,0.136768,393.635,117.681,0.165564
CSV,40,2025-09-04 15:55:39,-0.00799046,0.0284144,-0.0148715,0.095147,392.148,127.195,0.149447
CSV,41,2025-09-04 15:55:39,0.00379592,-0.00705707,-0.0083218,0.0447133,391.316,131.667,0.132972
CSV,42,2025-09-04 15:55:39,-0.0110275,0.0328519,-0.00599211,0.0333642,390.716,135.003,0.132887
CSV,43,2025-09-04 15:55:39,0.0080501,0.0342159,-0.00316883,0.027605,390.4,137.764,0.130274
CSV,44,2025-09-04 15:55:39,0.0198334,0.0139911,0.00253231,0.0204833,390.653,139.812,0.213368
CSV,45,2025-09-04 15:55:40,0.0261867,-0.128548,0.00936774,-0.0109092,391.59,138.721,0.234354
CSV,46,2025-09-04 15:55:40,0.0216084,0.150832,0.0129302,0.0206686,392.883,140.788,0.221785
CSV,47,2025-09-04 15:55:40,0.102802,1.7219,0.034117,0.354462,396.294,176.234,1.84043
CSV,48,2025-09-04 15:55:40,0.254916,2.32413,0.0815625,0.794365,404.451,255.671,2.45752
CSV,49,2025-09-04 15:55:40,0.282873,-1.5231,0.134148,0.487132,417.865,304.384,1.67117
CSV,50,2025-09-04 15:55:40,0.0802622,-0.997124,0.144963,0.313417,432.362,335.725,1.06495
CSV,51,2025-09-04 15:55:40,-0.0929526,-0.389081,0.122051,0.205435,444.567,356.269,0.563395
CSV,52,2025-09-04 15:55:41,-0.166401,-0.339952,0.0697898,-0.202919,451.546,335.977,0.519555
CSV,53,2025-09-04 15:55:41,-0.172173,-0.256229,-0.0137004,-0.700912,450.176,265.886,0.391215
CSV,54,2025-09-04 15:55:41,-0.194545,-0.136434,-0.109057,-0.421959,439.27,223.69,0.426969
